18:56:44,668 13 - Thread was being aborted.

----------------------------------------------------------------------------------------------------------------------------

18:59:18,976 13 - Thread was being aborted.

----------------------------------------------------------------------------------------------------------------------------

19:02:51,146 6 - Thread was being aborted.

----------------------------------------------------------------------------------------------------------------------------

19:03:00,125 7 - Thread was being aborted.

----------------------------------------------------------------------------------------------------------------------------

22:18:31,170 10 - Login failed for user 'PC\Guest'.

----------------------------------------------------------------------------------------------------------------------------

22:18:31,192 10 - Login failed for user 'PC\Guest'.

----------------------------------------------------------------------------------------------------------------------------

22:18:36,751 8 - Login failed for user 'PC\Guest'.

----------------------------------------------------------------------------------------------------------------------------

22:18:36,751 8 - Login failed for user 'PC\Guest'.

----------------------------------------------------------------------------------------------------------------------------

22:18:41,775 5 - Login failed for user 'PC\Guest'.

----------------------------------------------------------------------------------------------------------------------------

22:18:41,775 5 - Login failed for user 'PC\Guest'.

----------------------------------------------------------------------------------------------------------------------------

22:18:47,193 6 - Login failed for user 'PC\Guest'.

----------------------------------------------------------------------------------------------------------------------------

22:18:47,194 6 - Login failed for user 'PC\Guest'.

----------------------------------------------------------------------------------------------------------------------------

22:18:52,218 5 - Login failed for user 'PC\Guest'.

----------------------------------------------------------------------------------------------------------------------------

22:18:52,218 5 - Login failed for user 'PC\Guest'.

----------------------------------------------------------------------------------------------------------------------------

22:19:08,402 6 - Login failed for user 'PC\Guest'.

----------------------------------------------------------------------------------------------------------------------------

22:19:08,402 6 - Login failed for user 'PC\Guest'.

----------------------------------------------------------------------------------------------------------------------------

22:19:14,240 6 - Login failed for user 'PC\Guest'.

----------------------------------------------------------------------------------------------------------------------------

22:19:14,240 6 - Login failed for user 'PC\Guest'.

----------------------------------------------------------------------------------------------------------------------------

22:19:20,257 6 - Login failed for user 'PC\Guest'.

----------------------------------------------------------------------------------------------------------------------------

22:19:20,258 6 - Login failed for user 'PC\Guest'.

----------------------------------------------------------------------------------------------------------------------------

22:19:26,235 8 - Login failed for user 'PC\Guest'.

----------------------------------------------------------------------------------------------------------------------------

22:19:26,236 8 - Login failed for user 'PC\Guest'.

----------------------------------------------------------------------------------------------------------------------------

22:19:32,258 5 - Login failed for user 'PC\Guest'.

----------------------------------------------------------------------------------------------------------------------------

22:19:32,259 5 - Login failed for user 'PC\Guest'.

----------------------------------------------------------------------------------------------------------------------------

22:19:38,233 8 - Login failed for user 'PC\Guest'.

----------------------------------------------------------------------------------------------------------------------------

22:19:38,234 8 - Login failed for user 'PC\Guest'.

----------------------------------------------------------------------------------------------------------------------------

22:19:44,233 8 - Login failed for user 'PC\Guest'.

----------------------------------------------------------------------------------------------------------------------------

22:19:44,234 8 - Login failed for user 'PC\Guest'.

----------------------------------------------------------------------------------------------------------------------------

22:19:51,088 7 - Login failed for user 'PC\Guest'.

----------------------------------------------------------------------------------------------------------------------------

22:19:51,089 7 - Login failed for user 'PC\Guest'.

----------------------------------------------------------------------------------------------------------------------------

22:19:56,232 11 - Login failed for user 'PC\Guest'.

----------------------------------------------------------------------------------------------------------------------------

22:19:56,233 11 - Login failed for user 'PC\Guest'.

----------------------------------------------------------------------------------------------------------------------------

22:20:01,255 6 - Login failed for user 'PC\Guest'.

----------------------------------------------------------------------------------------------------------------------------

22:20:01,255 6 - Login failed for user 'PC\Guest'.

----------------------------------------------------------------------------------------------------------------------------

22:20:06,269 11 - Login failed for user 'PC\Guest'.

----------------------------------------------------------------------------------------------------------------------------

22:20:06,269 11 - Login failed for user 'PC\Guest'.

----------------------------------------------------------------------------------------------------------------------------

22:20:11,281 6 - Login failed for user 'PC\Guest'.

----------------------------------------------------------------------------------------------------------------------------

22:20:11,282 6 - Login failed for user 'PC\Guest'.

----------------------------------------------------------------------------------------------------------------------------

22:20:17,234 5 - Login failed for user 'PC\Guest'.

----------------------------------------------------------------------------------------------------------------------------

22:20:17,235 5 - Login failed for user 'PC\Guest'.

----------------------------------------------------------------------------------------------------------------------------

22:20:23,232 8 - Login failed for user 'PC\Guest'.

----------------------------------------------------------------------------------------------------------------------------

22:20:23,232 8 - Login failed for user 'PC\Guest'.

----------------------------------------------------------------------------------------------------------------------------

22:20:29,239 8 - Login failed for user 'PC\Guest'.

----------------------------------------------------------------------------------------------------------------------------

22:20:29,239 8 - Login failed for user 'PC\Guest'.

----------------------------------------------------------------------------------------------------------------------------

22:20:34,265 7 - Login failed for user 'PC\Guest'.

----------------------------------------------------------------------------------------------------------------------------

22:20:34,265 7 - Login failed for user 'PC\Guest'.

----------------------------------------------------------------------------------------------------------------------------

22:20:39,281 5 - Login failed for user 'PC\Guest'.

----------------------------------------------------------------------------------------------------------------------------

22:20:39,281 5 - Login failed for user 'PC\Guest'.

----------------------------------------------------------------------------------------------------------------------------

22:20:44,289 7 - Login failed for user 'PC\Guest'.

----------------------------------------------------------------------------------------------------------------------------

22:20:44,289 7 - Login failed for user 'PC\Guest'.

----------------------------------------------------------------------------------------------------------------------------

22:20:49,307 5 - Login failed for user 'PC\Guest'.

----------------------------------------------------------------------------------------------------------------------------

22:20:49,307 5 - Login failed for user 'PC\Guest'.

----------------------------------------------------------------------------------------------------------------------------

22:20:54,989 8 - Login failed for user 'PC\Guest'.

----------------------------------------------------------------------------------------------------------------------------

22:20:54,990 8 - Login failed for user 'PC\Guest'.

----------------------------------------------------------------------------------------------------------------------------

22:21:00,012 8 - Login failed for user 'PC\Guest'.

----------------------------------------------------------------------------------------------------------------------------

22:21:00,012 8 - Login failed for user 'PC\Guest'.

----------------------------------------------------------------------------------------------------------------------------

22:21:05,038 7 - Login failed for user 'PC\Guest'.

----------------------------------------------------------------------------------------------------------------------------

22:21:05,038 7 - Login failed for user 'PC\Guest'.

----------------------------------------------------------------------------------------------------------------------------

22:21:10,059 6 - Login failed for user 'PC\Guest'.

----------------------------------------------------------------------------------------------------------------------------

22:21:10,059 6 - Login failed for user 'PC\Guest'.

----------------------------------------------------------------------------------------------------------------------------

22:21:15,079 12 - Login failed for user 'PC\Guest'.

----------------------------------------------------------------------------------------------------------------------------

22:21:15,080 12 - Login failed for user 'PC\Guest'.

----------------------------------------------------------------------------------------------------------------------------

22:21:20,096 5 - Login failed for user 'PC\Guest'.

----------------------------------------------------------------------------------------------------------------------------

22:21:20,096 5 - Login failed for user 'PC\Guest'.

----------------------------------------------------------------------------------------------------------------------------

22:21:25,113 6 - Login failed for user 'PC\Guest'.

----------------------------------------------------------------------------------------------------------------------------

22:21:25,114 6 - Login failed for user 'PC\Guest'.

----------------------------------------------------------------------------------------------------------------------------

22:21:30,139 7 - Login failed for user 'PC\Guest'.

----------------------------------------------------------------------------------------------------------------------------

22:21:30,139 7 - Login failed for user 'PC\Guest'.

----------------------------------------------------------------------------------------------------------------------------

22:21:35,151 5 - Login failed for user 'PC\Guest'.

----------------------------------------------------------------------------------------------------------------------------

22:21:35,151 5 - Login failed for user 'PC\Guest'.

----------------------------------------------------------------------------------------------------------------------------

22:21:40,166 8 - Login failed for user 'PC\Guest'.

----------------------------------------------------------------------------------------------------------------------------

22:21:40,166 8 - Login failed for user 'PC\Guest'.

----------------------------------------------------------------------------------------------------------------------------

22:21:45,183 7 - Login failed for user 'PC\Guest'.

----------------------------------------------------------------------------------------------------------------------------

22:21:45,183 7 - Login failed for user 'PC\Guest'.

----------------------------------------------------------------------------------------------------------------------------

23:07:01,901 68 - Thread was being aborted.

----------------------------------------------------------------------------------------------------------------------------

23:08:09,396 71 - Thread was being aborted.

----------------------------------------------------------------------------------------------------------------------------

23:32:25,374 77 - Thread was being aborted.

----------------------------------------------------------------------------------------------------------------------------

23:32:35,394 68 - Could not find stored procedure 'sproc_Stock_GetByAtmId'.

----------------------------------------------------------------------------------------------------------------------------

23:33:06,344 65 - Thread was being aborted.

----------------------------------------------------------------------------------------------------------------------------

23:33:08,965 64 - Could not find stored procedure 'sproc_Stock_GetByAtmId'.

----------------------------------------------------------------------------------------------------------------------------

23:33:15,854 71 - Thread was being aborted.

----------------------------------------------------------------------------------------------------------------------------

23:33:21,619 76 - Could not find stored procedure 'sproc_Stock_GetByAtmId'.

----------------------------------------------------------------------------------------------------------------------------

00:19:48,807 7 - Thread was being aborted.

----------------------------------------------------------------------------------------------------------------------------

00:20:03,968 7 - Thread was being aborted.

----------------------------------------------------------------------------------------------------------------------------

00:24:19,721 11 - Input string was not in a correct format.

----------------------------------------------------------------------------------------------------------------------------

00:24:20,867 14 - Input string was not in a correct format.

----------------------------------------------------------------------------------------------------------------------------

00:24:21,944 7 - Input string was not in a correct format.

----------------------------------------------------------------------------------------------------------------------------

00:24:22,842 11 - Input string was not in a correct format.

----------------------------------------------------------------------------------------------------------------------------

00:24:23,498 7 - Input string was not in a correct format.

----------------------------------------------------------------------------------------------------------------------------

00:24:24,164 7 - Input string was not in a correct format.

----------------------------------------------------------------------------------------------------------------------------

00:24:26,809 7 - Input string was not in a correct format.

----------------------------------------------------------------------------------------------------------------------------

00:27:54,580 8 - Thread was being aborted.

----------------------------------------------------------------------------------------------------------------------------

00:28:10,127 11 - Thread was being aborted.

----------------------------------------------------------------------------------------------------------------------------

